2021-01-26 10:56:54	This log contains information about the import schema operation into project 'TweetDatabse' on computer 'RUFOUS' by user 'llag'.
2021-01-26 10:56:55	Import of database schema has started.
2021-01-26 10:56:58	Gathering database credentials
2021-01-26 10:56:58	Gathering database options
2021-01-26 10:56:58	Gathering users
2021-01-26 10:56:58	Gathering roles
2021-01-26 10:56:58	Gathering application roles
2021-01-26 10:56:58	Gathering role memberships
2021-01-26 10:56:58	Gathering filegroups
2021-01-26 10:56:58	Gathering full-text catalogs
2021-01-26 10:56:58	Gathering assemblies
2021-01-26 10:56:58	Gathering certificates
2021-01-26 10:56:58	Gathering asymmetric keys
2021-01-26 10:56:58	Gathering symmetric keys
2021-01-26 10:56:58	Gathering encrypted symmetric keys
2021-01-26 10:56:58	Gathering schemas
2021-01-26 10:56:58	Gathering XML schema collections
2021-01-26 10:56:58	Gathering user-defined data types
2021-01-26 10:56:58	Gathering user-defined types
2021-01-26 10:56:58	Gathering table types
2021-01-26 10:56:58	Gathering unique keys for table types
2021-01-26 10:56:58	Gathering primary keys for table types
2021-01-26 10:56:58	Gathering indexes for table types
2021-01-26 10:56:58	Gathering check constraints for table types
2021-01-26 10:56:58	Gathering default constraints for table types
2021-01-26 10:56:58	Gathering partition functions
2021-01-26 10:56:58	Gathering partition schemes
2021-01-26 10:56:58	Gathering functions
2021-01-26 10:56:58	Gathering encrypted functions
2021-01-26 10:56:58	Gathering aggregates
2021-01-26 10:56:58	Gathering procedures
2021-01-26 10:56:58	Gathering encrypted procedures
2021-01-26 10:56:58	Gathering tables
2021-01-26 10:56:59	Gathering primary keys
2021-01-26 10:56:59	Gathering unique constraints
2021-01-26 10:56:59	Gathering foreign keys
2021-01-26 10:56:59	Gathering default constraints
2021-01-26 10:56:59	Gathering check constraints
2021-01-26 10:56:59	Gathering views
2021-01-26 10:56:59	Gathering encrypted views
2021-01-26 10:56:59	Gathering indexes
2021-01-26 10:56:59	Gathering statistics
2021-01-26 10:56:59	Gathering full-text index stoplists
2021-01-26 10:56:59	Gathering search property lists
2021-01-26 10:56:59	Gathering search properties
2021-01-26 10:56:59	Gathering full-text indexes
2021-01-26 10:56:59	Gathering column store indexes
2021-01-26 10:56:59	Gathering spatial indexes
2021-01-26 10:56:59	Gathering XML indexes
2021-01-26 10:56:59	Gathering Selective XML indexes
2021-01-26 10:56:59	Gathering encrypted triggers
2021-01-26 10:56:59	Gathering triggers
2021-01-26 10:56:59	Gathering encrypted and clr ddl triggers
2021-01-26 10:56:59	Gathering ddl triggers
2021-01-26 10:56:59	Gathering synonyms
2021-01-26 10:56:59	Gathering defaults
2021-01-26 10:56:59	Gathering data constraint uddt bindings
2021-01-26 10:56:59	Gathering rules
2021-01-26 10:56:59	Gathering data constraint uddt bindings
2021-01-26 10:56:59	Gathering message types
2021-01-26 10:56:59	Gathering queues
2021-01-26 10:56:59	Gathering contracts
2021-01-26 10:56:59	Gathering services
2021-01-26 10:56:59	Gathering event notifications
2021-01-26 10:56:59	Gathering remote service bindings
2021-01-26 10:56:59	Gathering broker priorities
2021-01-26 10:56:59	Gathering signatures
2021-01-26 10:56:59	Gathering data compression options
2021-01-26 10:56:59	Gathering sequence types
2021-01-26 10:56:59	Gathering security policies
2021-01-26 10:56:59	Gather column encryption keys
2021-01-26 10:56:59	Gathering column master keys
2021-01-26 10:56:59	Gathering external data sources
2021-01-26 10:56:59	Gathering external file formats
2021-01-26 10:56:59	Gathering external tables
2021-01-26 10:56:59	Gathering extended properties
2021-01-26 10:56:59	Gathering credentials
2021-01-26 10:56:59	Gathering logins
2021-01-26 10:56:59	Gathering server audits
2021-01-26 10:56:59	Scanning project for duplicate elements
2021-01-26 10:56:59	Finished duplicate element processing
2021-01-26 10:56:59	Finished importing database.
2021-01-26 10:56:59	A summary of the import was saved to the following location: C:\Users\llag\source\repos\testingReact\TweetDatabse\Import Schema Logs\TweetDatabse_20210126095654.log
2021-01-26 10:56:59	Click Finish to continue...
